<?xml version="1.0" encoding="utf-8"?><testsuites name="pytest tests"><testsuite name="pytest" errors="0" failures="0" skipped="0" tests="27" time="9.355" timestamp="2026-07-01T07:29:36.976916+00:00" hostname="agent-env-e193e9f8-172b-4271-9b3f-6012933b5dbb"><testcase classname="tests.backend_test.TestAuth" name="test_login_all_roles" time="2.734" /><testcase classname="tests.backend_test.TestAuth" name="test_login_invalid" time="0.436" /><testcase classname="tests.backend_test.TestEnquiries" name="test_create_reception" time="2.832" /><testcase classname="tests.backend_test.TestEnquiries" name="test_faculty_cannot_create" time="0.099" /><testcase classname="tests.backend_test.TestEnquiries" name="test_list_and_filters" time="0.341" /><testcase classname="tests.backend_test.TestAuth" name="test_me_with_token" time="0.163" /><testcase classname="tests.backend_test.TestEnquiries" name="test_get_and_update" time="0.645" /><testcase classname="tests.backend_test.TestAuth" name="test_me_without_token" time="0.096" /><testcase classname="tests.backend_test.TestAuth" name="test_change_password_wrong_old" time="0.321" /><testcase classname="tests.backend_test.TestAuth" name="test_change_password_success_and_restore" time="2.938" /><testcase classname="tests.backend_test.TestEnquiries" name="test_check_mobile_duplicate" time="0.120" /><testcase classname="tests.backend_test.TestCourses" name="test_list" time="0.118" /><testcase classname="tests.backend_test.TestCourses" name="test_create_update_delete" time="0.375" /><testcase classname="tests.backend_test.TestCourses" name="test_non_admin_cannot_create" time="0.113" /><testcase classname="tests.backend_test.TestDashboard" name="test_stats" time="0.179" /><testcase classname="tests.backend_test.TestDashboard" name="test_charts" time="0.121" /><testcase classname="tests.backend_test.TestDashboard" name="test_counsellor_scoped_stats" time="0.166" /><testcase classname="tests.backend_test.TestBatches" name="test_crud" time="0.478" /><testcase classname="tests.backend_test.TestLeadSources" name="test_crud" time="0.324" /><testcase classname="tests.backend_test.TestFollowups" name="test_create_and_list" time="0.377" /><testcase classname="tests.backend_test.TestAdmissions" name="test_convert_and_no_double" time="0.452" /><testcase classname="tests.backend_test.TestAuth" name="test_forgot_password_and_restore" time="1.327" /><testcase classname="tests.backend_test.TestReports" name="test_summary" time="0.302" /><testcase classname="tests.backend_test.TestZCleanup" name="test_delete_enquiry" time="0.113" /><testcase classname="tests.backend_test.TestUsers" name="test_list_admin" time="0.107" /><testcase classname="tests.backend_test.TestUsers" name="test_reception_forbidden" time="0.095" /><testcase classname="tests.backend_test.TestUsers" name="test_create_counsellor_and_delete_restricted" time="0.512" /></testsuite></testsuites>